cl : Command line warning D9002: ignoring unknown option '/arch:SSE'
  e_atan2.c
  e_log.c
  e_pow.c
  e_rem_pio2.c
  e_sqrt.c
  k_cos.c
  k_rem_pio2.c
  k_sin.c
  k_tan.c
  s_atan.c
  s_copysign.c
  s_cos.c
  s_fabs.c
  s_floor.c
  s_scalbn.c
  s_sin.c
  s_tan.c
  SDL.c
  SDL_assert.c
  SDL_atomic.c
  Generating Code...
  Compiling...
  SDL_audio.c
  SDL_audiocvt.c
  SDL_audiodev.c
  SDL_audiotypecvt.c
  SDL_blendfillrect.c
  SDL_blendline.c
  SDL_blendpoint.c
  SDL_blit.c
  SDL_blit_0.c
  SDL_blit_1.c
  SDL_blit_A.c
  SDL_blit_auto.c
  SDL_blit_copy.c
  SDL_blit_N.c
  SDL_blit_slow.c
  SDL_bmp.c
  SDL_clipboard.c
  SDL_clipboardevents.c
  SDL_cpuinfo.c
  SDL_d3dmath.c
  Generating Code...
  Compiling...
  SDL_dinputhaptic.c
  SDL_dinputjoystick.c
  SDL_directsound.c
  SDL_diskaudio.c
  SDL_drawline.c
  SDL_drawpoint.c
  SDL_dropevents.c
  SDL_dummyaudio.c
  SDL_dynapi.c
  SDL_egl.c
  SDL_error.c
  SDL_events.c
  SDL_fillrect.c
  SDL_gamecontroller.c
  SDL_gesture.c
  SDL_getenv.c
  SDL_haptic.c
  SDL_hints.c
  SDL_iconv.c
  SDL_joystick.c
