Build started 12/08/2014 23:20:25.
     1>Project "E:\UDK\PegasusFeather\VisualC\VS2012-PegasusFeather\VS2012-PegasusFeather.vcxproj" on node 2 (Build target(s)).
     1>ClCompile:
         C:\Program Files (x86)\Microsoft Visual Studio 11.0\VC\bin\CL.exe /c /I"E:\UDK\PegasusFeather\VisualC\VS2012-Build Dependencies\SDL2_image-2.0.0\include" /I"..\VS2012-Build Dependencies\zlib-1.2.5\include" /I"..\VS2012-Build Dependencies\iconv-1.9.2.win32\include" /I..\..\include /I"..\VS2012-Build Dependencies\lua52\include" /I"..\VS2012-Build Dependencies\SDL2_ttf-2.0.12\include" /I"..\VS2012-Build Dependencies\SDL2_net-2.0.0\include" /I"..\VS2012-Build Dependencies\SDL2_mixer-2.0.0\include" /I"..\VS2012-Build Dependencies\SDL2\include" /I"..\VS2012-Build Dependencies\GLEW19\include" /I"..\VS2012-Build Dependencies\libxml2-2.7.8.win32\include" /ZI /nologo /W3 /WX- /Od /Oy- /D WIN32 /D _DEBUG /D _CONSOLE /D _UNICODE /D UNICODE /Gm /EHsc /RTC1 /MDd /GS /fp:precise /Zc:wchar_t /Zc:forScope /Fo"Debug\\" /Fd"Debug\vc110.pdb" /Gd /TP /analyze- /errorReport:prompt ..\..\src\Building.cpp ..\..\src\Cursor.cpp ..\..\src\GameInfo.cpp ..\..\src\GameScene.cpp ..\..\src\NetworkManager.cpp ..\..\src\Resource.cpp ..\..\src\TileManager.cpp ..\..\src\Unit.cpp ..\..\src\UnitManager.cpp ..\..\src\main.cpp
         Unit.cpp
         Resource.cpp
         Generating Code...
         Skipping... (no relevant changes detected)
         main.cpp
         UnitManager.cpp
         TileManager.cpp
         NetworkManager.cpp
         GameScene.cpp
         GameInfo.cpp
         Cursor.cpp
         Building.cpp
       Link:
         C:\Program Files (x86)\Microsoft Visual Studio 11.0\VC\bin\link.exe /ERRORREPORT:PROMPT /OUT:"E:\UDK\PegasusFeather\VisualC\VS2012-PegasusFeather\Debug\VS2012-PegasusFeather.exe" /INCREMENTAL /NOLOGO /LIBPATH:"E:\UDK\PegasusFeather\VisualC\VS2012-Build Dependencies\SDL2_image-2.0.0\lib\x86" /LIBPATH:"..\VS2012-Build Dependencies\SDL2_net-2.0.0\lib\x86" /LIBPATH:"..\VS2012-Build Dependencies\SDL2_ttf-2.0.12\lib\x86" /LIBPATH:"..\VS2012-Build Dependencies\SDL2_mixer-2.0.0\lib\x86" /LIBPATH:"..\VS2012-Build Dependencies\SDL2\lib" /LIBPATH:"..\VS2012-Build Dependencies\lua52\lib" /LIBPATH:"..\VS2012-Build Dependencies\GLEW19\lib" /LIBPATH:"..\VS2012-Build Dependencies\zlib-1.2.5\lib" /LIBPATH:"..\VS2012-Build Dependencies\iconv-1.9.2.win32\lib" /LIBPATH:"..\VS2012-Build Dependencies\libxml2-2.7.8.win32\lib" SDL2.lib SDL2main.lib SDL2_mixer.lib SDL2_ttf.lib SDL2_net.lib SDL2_image.lib opengl32.lib glu32.lib glew32.lib libxml2.lib kernel32.lib user32.lib gdi32.lib winspool.lib comdlg32.lib advapi32.lib shell32.lib ole32.lib oleaut32.lib uuid.lib odbc32.lib odbccp32.lib /MANIFEST /MANIFESTUAC:"level='asInvoker' uiAccess='false'" /manifest:embed /DEBUG /PDB:"E:\UDK\PegasusFeather\VisualC\VS2012-PegasusFeather\Debug\VS2012-PegasusFeather.pdb" /SUBSYSTEM:CONSOLE /TLBID:1 /DYNAMICBASE /NXCOMPAT /IMPLIB:"E:\UDK\PegasusFeather\VisualC\VS2012-PegasusFeather\Debug\VS2012-PegasusFeather.lib" /MACHINE:X86 Debug\Actor.obj
         Debug\AnimatedTexture.obj
         Debug\Building.obj
         Debug\Camera.obj
         Debug\Cursor.obj
         Debug\DisplayManager.obj
         Debug\GameInfo.obj
         Debug\GameScene.obj
         Debug\HUD.obj
         Debug\InputManager.obj
         Debug\main.obj
         Debug\Matrix.obj
         Debug\Mesh.obj
         Debug\NetworkManager.obj
         Debug\Object.obj
         Debug\ObjectManager.obj
         Debug\OpenGL1DisplayManager.obj
         Debug\OpenGLDisplayManager.obj
         Debug\PackManager.obj
         Debug\Resource.obj
         Debug\Scene.obj
         Debug\SceneManager.obj
         Debug\SoundManager.obj
         Debug\StartScreen.obj
         Debug\TextLibrary.obj
         Debug\Texture.obj
         Debug\Tile.obj
         Debug\TileManager.obj
         Debug\Unit.obj
         Debug\UnitManager.obj
         Debug\Vector.obj
         Debug\Vertex.obj
         VS2012-PegasusFeather.vcxproj -> E:\UDK\PegasusFeather\VisualC\VS2012-PegasusFeather\Debug\VS2012-PegasusFeather.exe
     1>Done Building Project "E:\UDK\PegasusFeather\VisualC\VS2012-PegasusFeather\VS2012-PegasusFeather.vcxproj" (Build target(s)).

Build succeeded.

Time Elapsed 00:00:01.57
