E:\UDK\PEGASUSFEATHER\VISUALC\VS2012-PEGASUSFEATHER\DEBUG\DISPLAYMANAGER.OBJ
E:\UDK\PEGASUSFEATHER\VISUALC\VS2012-PEGASUSFEATHER\DEBUG\GAMEINFO.OBJ
E:\UDK\PEGASUSFEATHER\VISUALC\VS2012-PEGASUSFEATHER\DEBUG\GAMESCENE.OBJ
E:\UDK\PEGASUSFEATHER\VISUALC\VS2012-PEGASUSFEATHER\DEBUG\HUD.OBJ
E:\UDK\PEGASUSFEATHER\VISUALC\VS2012-PEGASUSFEATHER\DEBUG\INPUTMANAGER.OBJ
E:\UDK\PEGASUSFEATHER\VISUALC\VS2012-PEGASUSFEATHER\DEBUG\MAIN.OBJ
E:\UDK\PEGASUSFEATHER\VISUALC\VS2012-PEGASUSFEATHER\DEBUG\MATRIX.OBJ
E:\UDK\PEGASUSFEATHER\VISUALC\VS2012-PEGASUSFEATHER\DEBUG\MESH.OBJ
E:\UDK\PEGASUSFEATHER\VISUALC\VS2012-PEGASUSFEATHER\DEBUG\OBJECT.OBJ
E:\UDK\PEGASUSFEATHER\VISUALC\VS2012-PEGASUSFEATHER\DEBUG\OPENGLDISPLAYMANAGER.OBJ
E:\UDK\PEGASUSFEATHER\VISUALC\VS2012-PEGASUSFEATHER\DEBUG\PLAYER.OBJ
E:\UDK\PEGASUSFEATHER\VISUALC\VS2012-PEGASUSFEATHER\DEBUG\SCENE.OBJ
E:\UDK\PEGASUSFEATHER\VISUALC\VS2012-PEGASUSFEATHER\DEBUG\SCENEMANAGER.OBJ
E:\UDK\PEGASUSFEATHER\VISUALC\VS2012-PEGASUSFEATHER\DEBUG\SCORESCREEN.OBJ
E:\UDK\PEGASUSFEATHER\VISUALC\VS2012-PEGASUSFEATHER\DEBUG\STARTSCREEN.OBJ
E:\UDK\PEGASUSFEATHER\VISUALC\VS2012-PEGASUSFEATHER\DEBUG\TEXTLIBRARY.OBJ
E:\UDK\PEGASUSFEATHER\VISUALC\VS2012-PEGASUSFEATHER\DEBUG\TEXTURE.OBJ
E:\UDK\PEGASUSFEATHER\VISUALC\VS2012-PEGASUSFEATHER\DEBUG\VECTOR.OBJ
E:\UDK\PEGASUSFEATHER\VISUALC\VS2012-PEGASUSFEATHER\DEBUG\VERTEX.OBJ
E:\UDK\PEGASUSFEATHER\VISUALC\VS2012-PEGASUSFEATHER\DEBUG\YOURSCORE.OBJ
E:\UDK\PEGASUSFEATHER\VISUALC\VS2012-PEGASUSFEATHER\DEBUG\ACTOR.OBJ
E:\UDK\PEGASUSFEATHER\VISUALC\VS2012-PEGASUSFEATHER\DEBUG\ANIMATEDTEXTURE.OBJ
E:\UDK\PEGASUSFEATHER\VISUALC\VS2012-PEGASUSFEATHER\DEBUG\CAMERA.OBJ
E:\UDK\PEGASUSFEATHER\VISUALC\VS2012-PEGASUSFEATHER\DEBUG\CLICKTOCONTINUE.OBJ
E:\UDK\PEGASUSFEATHER\VISUALC\VS2012-PEGASUSFEATHER\DEBUG\CLOUD.OBJ
E:\UDK\PEGASUSFEATHER\VISUALC\VS2012-PEGASUSFEATHER\DEBUG\VC110.PDB
E:\UDK\PEGASUSFEATHER\VISUALC\VS2012-PEGASUSFEATHER\DEBUG\VS2012-PEGASUSFEATHER.ILK
E:\UDK\PEGASUSFEATHER\VISUALC\VS2012-PEGASUSFEATHER\DEBUG\VS2012-PEGASUSFEATHER.EXE
E:\UDK\PEGASUSFEATHER\VISUALC\VS2012-PEGASUSFEATHER\DEBUG\VS2012-PEGASUSFEATHER.PDB
E:\UDK\PegasusFeather\VisualC\VS2012-PegasusFeather\Debug\Actor.obj
E:\UDK\PegasusFeather\VisualC\VS2012-PegasusFeather\Debug\AnimatedTexture.obj
E:\UDK\PegasusFeather\VisualC\VS2012-PegasusFeather\Debug\Camera.obj
E:\UDK\PegasusFeather\VisualC\VS2012-PegasusFeather\Debug\ClickToContinue.obj
E:\UDK\PegasusFeather\VisualC\VS2012-PegasusFeather\Debug\Cloud.obj
E:\UDK\PegasusFeather\VisualC\VS2012-PegasusFeather\Debug\DisplayManager.obj
E:\UDK\PegasusFeather\VisualC\VS2012-PegasusFeather\Debug\GameInfo.obj
E:\UDK\PegasusFeather\VisualC\VS2012-PegasusFeather\Debug\GameScene.obj
E:\UDK\PegasusFeather\VisualC\VS2012-PegasusFeather\Debug\HUD.obj
E:\UDK\PegasusFeather\VisualC\VS2012-PegasusFeather\Debug\InputManager.obj
E:\UDK\PegasusFeather\VisualC\VS2012-PegasusFeather\Debug\main.obj
E:\UDK\PegasusFeather\VisualC\VS2012-PegasusFeather\Debug\Matrix.obj
E:\UDK\PegasusFeather\VisualC\VS2012-PegasusFeather\Debug\Mesh.obj
E:\UDK\PegasusFeather\VisualC\VS2012-PegasusFeather\Debug\Object.obj
E:\UDK\PegasusFeather\VisualC\VS2012-PegasusFeather\Debug\OpenGLDisplayManager.obj
E:\UDK\PegasusFeather\VisualC\VS2012-PegasusFeather\Debug\Player.obj
E:\UDK\PegasusFeather\VisualC\VS2012-PegasusFeather\Debug\Scene.obj
E:\UDK\PegasusFeather\VisualC\VS2012-PegasusFeather\Debug\SceneManager.obj
E:\UDK\PegasusFeather\VisualC\VS2012-PegasusFeather\Debug\ScoreScreen.obj
E:\UDK\PegasusFeather\VisualC\VS2012-PegasusFeather\Debug\StartScreen.obj
E:\UDK\PegasusFeather\VisualC\VS2012-PegasusFeather\Debug\TextLibrary.obj
E:\UDK\PegasusFeather\VisualC\VS2012-PegasusFeather\Debug\Texture.obj
E:\UDK\PegasusFeather\VisualC\VS2012-PegasusFeather\Debug\Vector.obj
E:\UDK\PegasusFeather\VisualC\VS2012-PegasusFeather\Debug\Vertex.obj
E:\UDK\PegasusFeather\VisualC\VS2012-PegasusFeather\Debug\YourScore.obj
E:\UDK\PegasusFeather\VisualC\VS2012-PegasusFeather\Debug\VS2012-PegasusFeather.ilk
E:\UDK\PegasusFeather\VisualC\VS2012-PegasusFeather\Debug\cl.command.1.tlog
E:\UDK\PegasusFeather\VisualC\VS2012-PegasusFeather\Debug\CL.read.1.tlog
E:\UDK\PegasusFeather\VisualC\VS2012-PegasusFeather\Debug\CL.write.1.tlog
E:\UDK\PegasusFeather\VisualC\VS2012-PegasusFeather\Debug\link-cvtres.read.1.tlog
E:\UDK\PegasusFeather\VisualC\VS2012-PegasusFeather\Debug\link-cvtres.write.1.tlog
E:\UDK\PegasusFeather\VisualC\VS2012-PegasusFeather\Debug\link-rc.read.1.tlog
E:\UDK\PegasusFeather\VisualC\VS2012-PegasusFeather\Debug\link-rc.write.1.tlog
E:\UDK\PegasusFeather\VisualC\VS2012-PegasusFeather\Debug\link.command.1.tlog
E:\UDK\PegasusFeather\VisualC\VS2012-PegasusFeather\Debug\link.read.1.tlog
E:\UDK\PegasusFeather\VisualC\VS2012-PegasusFeather\Debug\link.write.1.tlog
E:\UDK\PegasusFeather\VisualC\VS2012-PegasusFeather\Debug\vc110.idb
E:\UDK\PegasusFeather\VisualC\VS2012-PegasusFeather\Debug\vc110.pdb
E:\UDK\PegasusFeather\VisualC\VS2012-PegasusFeather\Debug\VS2012-PegasusFeather.pdb
E:\UDK\PegasusFeather\VisualC\VS2012-PegasusFeather\Debug\VS2012-PegasusFeather.exe
